<?xml version="1.0" encoding="UTF-8"?>
<!-- Generated by org.testng.reporters.JUnitXMLReporter -->
<testsuite hostname="5-WS-033" ignored="0" name="Smoke" tests="1" failures="1" timestamp="18 Dec 2019 07:21:31 GMT" time="16.949" errors="0">
  <testcase name="HomePagePopUp_SignIn" time="12.358" classname="Functionality.Home">
    <failure type="java.lang.NullPointerException">
      <![CDATA[java.lang.NullPointerException
at PageFactory.HomePage.HomePage_LogInButton(HomePage.java:46)
at Functionality.Home.HomePagePopUp_SignIn(Home.java:30)
... Removed 25 stack frames]]>
    </failure>
  </testcase> <!-- HomePagePopUp_SignIn -->
</testsuite> <!-- Smoke -->
